<?xml version="1.0" encoding="UTF-8"?>
<robot generator="Robot 3.1.2 (Python 3.7.3 on darwin)" generated="20190615 13:03:15.074" rpa="false">
<suite id="s1" name="Test" source="/Users/huydongpham/PycharmProjects/Jobsportal/Test/Test.robot">
<test id="s1-t1" name="Show all jobs">
<kw name="Begin Web Test" library="jpcommon" type="setup">
<kw name="Open Browser" library="SeleniumLibrary">
<doc>Opens a new browser instance to the given ``url``.</doc>
<arguments>
<arg>about:blank</arg>
<arg>chrome</arg>
</arguments>
<msg timestamp="20190615 13:03:15.389" level="INFO">Opening browser 'chrome' to base url 'about:blank'.</msg>
<status status="PASS" starttime="20190615 13:03:15.388" endtime="20190615 13:03:18.140"></status>
</kw>
<kw name="Maximize Browser Window" library="SeleniumLibrary">
<doc>Maximizes current browser window.</doc>
<status status="PASS" starttime="20190615 13:03:18.141" endtime="20190615 13:03:18.292"></status>
</kw>
<status status="PASS" starttime="20190615 13:03:15.388" endtime="20190615 13:03:18.292"></status>
</kw>
<kw name="Load" library="jpcommon">
<kw name="Go To" library="SeleniumLibrary">
<doc>Navigates the active browser instance to the provided ``url``.</doc>
<arguments>
<arg>https://www.jobsportal.fi</arg>
</arguments>
<msg timestamp="20190615 13:03:18.293" level="INFO">Opening url 'https://www.jobsportal.fi'</msg>
<status status="PASS" starttime="20190615 13:03:18.293" endtime="20190615 13:03:21.999"></status>
</kw>
<kw name="Wait Until Page Contains" library="SeleniumLibrary">
<doc>Waits until ``text`` appears on current page.</doc>
<arguments>
<arg>Contact us</arg>
</arguments>
<kw name="Capture Page Screenshot" library="SeleniumLibrary">
<doc>Takes screenshot of the current page and embeds it into log file.</doc>
<msg timestamp="20190615 13:03:22.011" level="FAIL">NoSuchWindowException: Message: no such window: target window already closed
from unknown error: web view not found
  (Session info: chrome=75.0.3770.90)
</msg>
<status status="FAIL" starttime="20190615 13:03:22.002" endtime="20190615 13:03:22.011"></status>
</kw>
<msg timestamp="20190615 13:03:22.011" level="WARN">Keyword 'Capture Page Screenshot' could not be run on failure: NoSuchWindowException: Message: no such window: target window already closed
from unknown error: web view not found
  (Session info: chrome=75.0.3770.90)
</msg>
<msg timestamp="20190615 13:03:22.015" level="FAIL">NoSuchWindowException: Message: no such window: target window already closed
from unknown error: web view not found
  (Session info: chrome=75.0.3770.90)
</msg>
<status status="FAIL" starttime="20190615 13:03:22.000" endtime="20190615 13:03:22.015"></status>
</kw>
<status status="FAIL" starttime="20190615 13:03:18.292" endtime="20190615 13:03:22.016"></status>
</kw>
<kw name="End Web Test" library="jpcommon" type="teardown">
<kw name="Close Browser" library="SeleniumLibrary">
<doc>Closes the current browser.</doc>
<status status="PASS" starttime="20190615 13:03:22.017" endtime="20190615 13:03:22.112"></status>
</kw>
<status status="PASS" starttime="20190615 13:03:22.016" endtime="20190615 13:03:22.113"></status>
</kw>
<status status="FAIL" starttime="20190615 13:03:15.387" endtime="20190615 13:03:22.113" critical="yes">NoSuchWindowException: Message: no such window: target window already closed
from unknown error: web view not found
  (Session info: chrome=75.0.3770.90)
</status>
</test>
<doc>Check major links</doc>
<status status="FAIL" starttime="20190615 13:03:15.077" endtime="20190615 13:03:22.115"></status>
</suite>
<statistics>
<total>
<stat pass="0" fail="1">Critical Tests</stat>
<stat pass="0" fail="1">All Tests</stat>
</total>
<tag>
</tag>
<suite>
<stat pass="0" fail="1" id="s1" name="Test">Test</stat>
</suite>
</statistics>
<errors>
<msg timestamp="20190615 13:03:22.011" level="WARN">Keyword 'Capture Page Screenshot' could not be run on failure: NoSuchWindowException: Message: no such window: target window already closed
from unknown error: web view not found
  (Session info: chrome=75.0.3770.90)
</msg>
</errors>
</robot>
